<?xml version="1.0" encoding="UTF-8"?>
<!-- Generated by org.testng.reporters.JUnitXMLReporter -->
<testsuite hostname="DESKTOP-6O2J91O" ignored="0" name="Group 2" tests="3" failures="0" timestamp="2022-09-27T22:06:10 ICT" time="71.265" errors="0">
  <testcase name="testStandardComputerBuying" time="43.647" classname="tests.computer.BuyingStandardComputerTest"/>
  <testcase name="testStandardComputerBuying" time="13.484" classname="tests.computer.BuyingStandardComputerTest"/>
  <testcase name="testStandardComputerBuying" time="13.42" classname="tests.computer.BuyingStandardComputerTest"/>
</testsuite> <!-- Group 2 -->
