<?xml version="1.0" encoding="UTF-8"?>
<!-- Generated by org.testng.reporters.JUnitXMLReporter -->
<testsuite hostname="DESKTOP-6O2J91O" ignored="0" name="Group 1" tests="3" failures="0" timestamp="2022-09-27T22:06:12 ICT" time="72.459" errors="0">
  <testcase name="testCheapComputerBuying" time="42.515" classname="tests.computer.BuyingCheapComputerTest"/>
  <testcase name="testCheapComputerBuying" time="14.367" classname="tests.computer.BuyingCheapComputerTest"/>
  <testcase name="testCheapComputerBuying" time="14.861" classname="tests.computer.BuyingCheapComputerTest"/>
</testsuite> <!-- Group 1 -->
