<?xml version="1.0" encoding="UTF-8"?>
<!-- Generated by org.testng.reporters.JUnitXMLReporter -->
<testsuite hostname="DESKTOP-6O2J91O" ignored="0" name="Group 4" tests="4" failures="1" timestamp="2022-09-27T22:05:17 ICT" time="17.856" errors="0">
  <testcase name="testFooterCategoryPage" time="16.131" classname="tests.global.footer.FooterTest"/>
  <testcase name="testFooterHomePage" time="0.002" classname="tests.global.footer.FooterTest"/>
  <testcase name="testFooterLoginPage" time="0.002" classname="tests.global.footer.FooterTest"/>
  <testcase name="testFooterRegisterPage" time="0.7" classname="tests.global.footer.FooterTest">
    <failure type="java.lang.AssertionError" message="Demo taking screenshot when test is failed!">
      <![CDATA[java.lang.AssertionError: Demo taking screenshot when test is failed!
at tests.global.footer.FooterTest.testFooterRegisterPage(FooterTest.java:17)
at java.util.ArrayList.forEach(Unknown Source)
at java.util.concurrent.FutureTask.run(Unknown Source)
at java.util.concurrent.ThreadPoolExecutor.runWorker(Unknown Source)
at java.util.concurrent.ThreadPoolExecutor$Worker.run(Unknown Source)
at java.lang.Thread.run(Unknown Source)
... Removed 19 stack frames]]>
    </failure>
  </testcase> <!-- testFooterRegisterPage -->
</testsuite> <!-- Group 4 -->
